Using pre-set license
Built from '2020.2/release' branch; Version is '2020.2.1f1 (270dd8c3da1c) revision 2559448'; Using compiler version '192528614'; Build Type 'Release'
OS: 'Windows 10  (10.0.0) 64bit' Language: 'zh' Physical Memory: 8143 MB
BatchMode: 1, IsHumanControllingUs: 0, StartBugReporterOnCrash: 0, Is64bit: 1, IsPro: 0

 COMMAND LINE ARGUMENTS:
C:\Office\Unity\Editor\Unity.exe
-adb2
-batchMode
-noUpm
-name
AssetImportWorker0
-projectPath
D:/Project/Unity/FlippyBird
-logFile
Logs/AssetImportWorker0.log
-srvPort
1172
Successfully changed project path to: D:/Project/Unity/FlippyBird
D:/Project/Unity/FlippyBird
Using Asset Import Pipeline V2.
Refreshing native plugins compatible for Editor in 93.90 ms, found 1 plugins.
Preloading 0 native plugins for Editor in 0.00 ms.
Initialize engine version: 2020.2.1f1 (270dd8c3da1c)
[Subsystems] Discovering subsystems at path C:/Office/Unity/Editor/Data/Resources/UnitySubsystems
[Subsystems] Discovering subsystems at path D:/Project/Unity/FlippyBird/Assets
GfxDevice: creating device client; threaded=0
Direct3D:
    Version:  Direct3D 11.0 [level 11.1]
    Renderer: NVIDIA GeForce GTX 1650 (ID=0x1f82)
    Vendor:   
    VRAM:     3962 MB
    Driver:   27.21.14.6589
Initialize mono
Mono path[0] = 'C:/Office/Unity/Editor/Data/Managed'
Mono path[1] = 'C:/Office/Unity/Editor/Data/MonoBleedingEdge/lib/mono/unityjit'
Mono config path = 'C:/Office/Unity/Editor/Data/MonoBleedingEdge/etc'
Using monoOptions --debugger-agent=transport=dt_socket,embedding=1,server=y,suspend=n,address=127.0.0.1:56860
Begin MonoManager ReloadAssembly
Registering precompiled unity dll's ...
Register platform support module: C:/Office/Unity/Editor/Data/PlaybackEngines/WindowsStandaloneSupport/UnityEditor.WindowsStandalone.Extensions.dll
Registered in 0.005019 seconds.
Native extension for WindowsStandalone target not found
Refreshing native plugins compatible for Editor in 38.65 ms, found 1 plugins.
Preloading 0 native plugins for Editor in 0.00 ms.
Invoked RoslynAnalysisRunner static constructor.
RoslynAnalysisRunner will not be running.
RoslynAnalysisRunner has terminated.
Mono: successfully reloaded assembly
- Completed reload, in  2.652 seconds
Platform modules already initialized, skipping
Registering precompiled user dll's ...
Registered in 0.024814 seconds.
Begin MonoManager ReloadAssembly
Native extension for WindowsStandalone target not found
Refreshing native plugins compatible for Editor in 39.24 ms, found 1 plugins.
Preloading 0 native plugins for Editor in 0.00 ms.
Invoked RoslynAnalysisRunner static constructor.
RoslynAnalysisRunner will not be running.
RoslynAnalysisRunner has terminated.
Mono: successfully reloaded assembly
- Completed reload, in  1.943 seconds
Platform modules already initialized, skipping
========================================================================
Worker process is ready to serve import requests
Launched and connected shader compiler UnityShaderCompiler.exe after 0.18 seconds
Refreshing native plugins compatible for Editor in 0.38 ms, found 1 plugins.
Preloading 0 native plugins for Editor in 0.00 ms.
Unloading 1787 Unused Serialized files (Serialized files now loaded: 0)
System memory in use before: 83.5 MB.
System memory in use after: 83.5 MB.

Unloading 24 unused Assets to reduce memory usage. Loaded Objects now: 2226.
Total: 2.307700 ms (FindLiveObjects: 0.213200 ms CreateObjectMapping: 0.049600 ms MarkObjects: 1.923300 ms  DeleteObjects: 0.120600 ms)

========================================================================
Received Import Request.
  path: Assets/Animations/Road.anim
  artifactKey: Guid(8430dd250ae52ea428ef4a8423def168) Importer(815301076,1909f56bfc062723c751e8b465ee728b)
Start importing Assets/Animations/Road.anim using Guid(8430dd250ae52ea428ef4a8423def168) Importer(815301076,1909f56bfc062723c751e8b465ee728b)  -> (artifact id: '1e4c39ce59a116f85a2d7d3c5e923a6b') in 0.074026 seconds
  Import took 0.103397 seconds .

========================================================================
Received Import Request.
  Time since last request: 9445.483090 seconds.
  path: Assets/Textures/FlappyBird Art Resources
  artifactKey: Guid(52ebb39b0605493458a98c13e6535968) Importer(815301076,1909f56bfc062723c751e8b465ee728b)
Start importing Assets/Textures/FlappyBird Art Resources using Guid(52ebb39b0605493458a98c13e6535968) Importer(815301076,1909f56bfc062723c751e8b465ee728b)  -> (artifact id: '55761efb556d91b279c20db7f33f84b0') in 0.006933 seconds
  Import took 0.065595 seconds .

========================================================================
Received Import Request.
  Time since last request: 0.000342 seconds.
  path: Assets/Textures/FlappyBird Art Resources/wing_f.png
  artifactKey: Guid(d44e2e0899aa62e438eeb987347a2cb0) Importer(815301076,1909f56bfc062723c751e8b465ee728b)
Start importing Assets/Textures/FlappyBird Art Resources/wing_f.png using Guid(d44e2e0899aa62e438eeb987347a2cb0) Importer(815301076,1909f56bfc062723c751e8b465ee728b)  -> (artifact id: '4fe04833f40692c56c154850578f85f3') in 0.182952 seconds
  Import took 0.191474 seconds .

========================================================================
Received Import Request.
  Time since last request: 0.000338 seconds.
  path: Assets/Textures/FlappyBird Art Resources/wing_n.png
  artifactKey: Guid(de6f929eb836ab44d8f6418bd519e62d) Importer(815301076,1909f56bfc062723c751e8b465ee728b)
Start importing Assets/Textures/FlappyBird Art Resources/wing_n.png using Guid(de6f929eb836ab44d8f6418bd519e62d) Importer(815301076,1909f56bfc062723c751e8b465ee728b)  -> (artifact id: '9a1eccab9411e1b6f0f3a92751d6a083') in 0.013487 seconds
  Import took 0.016807 seconds .

========================================================================
Received Import Request.
  Time since last request: 0.000342 seconds.
  path: Assets/Textures/FlappyBird Art Resources/bg.png
  artifactKey: Guid(680959e5e4972604582d99cb89f6af43) Importer(815301076,1909f56bfc062723c751e8b465ee728b)
Start importing Assets/Textures/FlappyBird Art Resources/bg.png using Guid(680959e5e4972604582d99cb89f6af43) Importer(815301076,1909f56bfc062723c751e8b465ee728b)  -> (artifact id: 'd25130f9e3d810acd0a0eb9fe14bedf1') in 0.054137 seconds
  Import took 0.058449 seconds .

========================================================================
Received Import Request.
  Time since last request: 0.000308 seconds.
  path: Assets/Textures/FlappyBird Art Resources/pipeline.png
  artifactKey: Guid(e759d7ca18bc4744cb2073bbfbcd585c) Importer(815301076,1909f56bfc062723c751e8b465ee728b)
Start importing Assets/Textures/FlappyBird Art Resources/pipeline.png using Guid(e759d7ca18bc4744cb2073bbfbcd585c) Importer(815301076,1909f56bfc062723c751e8b465ee728b)  -> (artifact id: 'd423e63995ee07c64cc8815d3ec4b397') in 0.015033 seconds
  Import took 0.018254 seconds .

========================================================================
Received Import Request.
  Time since last request: 0.000424 seconds.
  path: Assets/Textures/FlappyBird Art Resources/bird.png
  artifactKey: Guid(6574432aa5ad1b64f9fa71132a61d5ce) Importer(815301076,1909f56bfc062723c751e8b465ee728b)
Start importing Assets/Textures/FlappyBird Art Resources/bird.png using Guid(6574432aa5ad1b64f9fa71132a61d5ce) Importer(815301076,1909f56bfc062723c751e8b465ee728b)  -> (artifact id: '435c533e3877a03ccd586b2858bf297a') in 0.014089 seconds
  Import took 0.018662 seconds .

========================================================================
Received Import Request.
  Time since last request: 0.000348 seconds.
  path: Assets/Textures/FlappyBird Art Resources/ground.png
  artifactKey: Guid(fb4be4df18b24e64fab21f385a2f892a) Importer(815301076,1909f56bfc062723c751e8b465ee728b)
Start importing Assets/Textures/FlappyBird Art Resources/ground.png using Guid(fb4be4df18b24e64fab21f385a2f892a) Importer(815301076,1909f56bfc062723c751e8b465ee728b)  -> (artifact id: '9c5a08e8a10a1146413530edd5d5723d') in 0.013966 seconds
  Import took 0.017752 seconds .

========================================================================
Received Import Request.
  Time since last request: 0.000385 seconds.
  path: Assets/Textures/FlappyBird Art Resources/btn_start.png
  artifactKey: Guid(682273afc37114749ba04c2da02ed408) Importer(815301076,1909f56bfc062723c751e8b465ee728b)
Start importing Assets/Textures/FlappyBird Art Resources/btn_start.png using Guid(682273afc37114749ba04c2da02ed408) Importer(815301076,1909f56bfc062723c751e8b465ee728b)  -> (artifact id: '2c67c156945027b8651139ffe63e41c8') in 0.015789 seconds
  Import took 0.026027 seconds .

========================================================================
Received Import Request.
  Time since last request: 1755.591996 seconds.
  path: Assets/Scenes/FlippyBird.unity
  artifactKey: Guid(2cda990e2423bbf4892e6590ba056729) Importer(815301076,1909f56bfc062723c751e8b465ee728b)
Start importing Assets/Scenes/FlippyBird.unity using Guid(2cda990e2423bbf4892e6590ba056729) Importer(815301076,1909f56bfc062723c751e8b465ee728b)  -> (artifact id: '0ff8c944ceceb179067d887082891a9c') in 0.933025 seconds
  Import took 1.072794 seconds .

========================================================================
Received Import Request.
  Time since last request: 14.488568 seconds.
  path: Assets/Scenes/FlappyBird.unity
  artifactKey: Guid(2cda990e2423bbf4892e6590ba056729) Importer(815301076,1909f56bfc062723c751e8b465ee728b)
Start importing Assets/Scenes/FlappyBird.unity using Guid(2cda990e2423bbf4892e6590ba056729) Importer(815301076,1909f56bfc062723c751e8b465ee728b)  -> (artifact id: 'ddecd00565c12601f85aa9320d7c47c0') in 0.073923 seconds
  Import took 0.283410 seconds .

